app/manifest-merger-debug-report.txt
-- Merging decision tree log ---
manifest
ADDED from AndroidManifest.xml:2:1
	xmlns:android
		ADDED from AndroidManifest.xml:2:11
	package
		ADDED from AndroidManifest.xml:3:1
	android:versionName
		INJECTED from AndroidManifest.xml:0:0
		INJECTED from AndroidManifest.xml:0:0
	android:versionCode
		INJECTED from AndroidManifest.xml:0:0
		INJECTED from AndroidManifest.xml:0:0
uses-feature#android.hardware.bluetooth_le
ADDED from AndroidManifest.xml:5:5
	android:required
		ADDED from AndroidManifest.xml:5:64
	android:name
		ADDED from AndroidManifest.xml:5:19
uses-permission#android.permission.BLUETOOTH
ADDED from AndroidManifest.xml:8:5
	android:name
		ADDED from AndroidManifest.xml:8:22
uses-permission#android.permission.BLUETOOTH_ADMIN
ADDED from AndroidManifest.xml:9:5
	android:name
		ADDED from AndroidManifest.xml:9:22
uses-permission#android.permission.WRITE_EXTERNAL_STORAGE
ADDED from AndroidManifest.xml:11:5
	android:name
		ADDED from AndroidManifest.xml:11:22
application
ADDED from AndroidManifest.xml:13:1
MERGED from com.android.support:appcompat-v7:20.0.0:17:5
MERGED from com.android.support:support-v4:20.0.0:17:5
	android:label
		ADDED from AndroidManifest.xml:16:5
	android:allowBackup
		ADDED from AndroidManifest.xml:14:5
	android:icon
		ADDED from AndroidManifest.xml:15:5
	android:theme
		ADDED from AndroidManifest.xml:17:5
activity#com.streamdx.sdxcal.app.MainActivity
ADDED from AndroidManifest.xml:18:5
	android:label
		ADDED from AndroidManifest.xml:20:9
	android:name
		ADDED from AndroidManifest.xml:19:9
intent-filter#android.intent.action.MAIN+android.intent.category.LAUNCHER
ADDED from AndroidManifest.xml:21:9
action#android.intent.action.MAIN
ADDED from AndroidManifest.xml:22:13
	android:name
		ADDED from AndroidManifest.xml:22:21
category#android.intent.category.LAUNCHER
ADDED from AndroidManifest.xml:24:13
	android:name
		ADDED from AndroidManifest.xml:24:23
activity#com.streamdx.sdxcal.app.DeviceScanActivity
ADDED from AndroidManifest.xml:27:5
	android:name
		ADDED from AndroidManifest.xml:27:15
activity#com.streamdx.sdxcal.app.DeviceControlActivity
ADDED from AndroidManifest.xml:28:5
	android:name
		ADDED from AndroidManifest.xml:28:15
activity#com.streamdx.sdxcal.app.RealTimeGraphing
ADDED from AndroidManifest.xml:29:5
	android:name
		ADDED from AndroidManifest.xml:30:9
service#com.streamdx.sdxcal.app.BluetoothLeService
ADDED from AndroidManifest.xml:32:5
	android:enabled
		ADDED from AndroidManifest.xml:32:72
	android:name
		ADDED from AndroidManifest.xml:32:14
uses-sdk
INJECTED from AndroidManifest.xml:0:0 reason: use-sdk injection requested
MERGED from com.android.support:appcompat-v7:20.0.0:16:5
MERGED from com.android.support:support-v4:20.0.0:16:5
	android:targetSdkVersion
		INJECTED from AndroidManifest.xml:0:0
		INJECTED from AndroidManifest.xml:0:0
	android:minSdkVersion
		INJECTED from AndroidManifest.xml:0:0
		INJECTED from AndroidManifest.xml:0:0